<?xml version="1.0" encoding="UTF-8"?>
<!-- Generated by org.testng.reporters.JUnitReportReporter -->
<testsuite hostname="DESKTOP-2RERH7F" failures="0" tests="2" name="dd_testcases.LoginTest" time="14.894" errors="0" timestamp="16 Mar 2018 08:26:28 GMT" skipped="0">
  <testcase classname="dd_testcases.LoginTest" name="B" time="13.853"/>
  <testcase classname="dd_testcases.LoginTest" name="C" time="1.041"/>
</testsuite> <!-- dd_testcases.LoginTest -->
